<?xml version="1.0" encoding="UTF-8"?>
<!-- Generated by org.testng.reporters.JUnitReportReporter -->
<testsuite hostname="LAPTOP-HEOSD9H3" failures="0" tests="2" name="testCases.TC002_LoginTest" time="3.295" errors="0" timestamp="2025-06-11T15:15:54 IST" skipped="0">
  <testcase classname="testCases.TC002_LoginTest" name="verify_login" time="1.668"/>
  <testcase classname="testCases.TC002_LoginTest" name="verify_login" time="1.627"/>
</testsuite> <!-- testCases.TC002_LoginTest -->
