<?xml version="1.0" encoding="UTF-8"?>
<!-- Generated by org.testng.reporters.JUnitReportReporter -->
<testsuite hostname="LAPTOP-HEOSD9H3" failures="0" tests="5" name="testCases.TC003_LoginDDT" time="32.845" errors="0" timestamp="2025-06-09T16:45:30 IST" skipped="0">
  <testcase classname="testCases.TC003_LoginDDT" name="verify_LoginDDT" time="11.689"/>
  <testcase classname="testCases.TC003_LoginDDT" name="verify_LoginDDT" time="3.212"/>
  <testcase classname="testCases.TC003_LoginDDT" name="verify_LoginDDT" time="3.303"/>
  <testcase classname="testCases.TC003_LoginDDT" name="verify_LoginDDT" time="11.716"/>
  <testcase classname="testCases.TC003_LoginDDT" name="verify_LoginDDT" time="2.925"/>
</testsuite> <!-- testCases.TC003_LoginDDT -->
