<?xml version="1.0" encoding="UTF-8"?>
<!-- Generated by org.testng.reporters.JUnitReportReporter -->
<testsuite hostname="LAPTOP-HEOSD9H3" failures="0" tests="1" name="testCases.TC_004_SearchProductTest" time="0.581" errors="0" timestamp="2025-06-29T18:34:37 IST" skipped="0">
  <testcase classname="testCases.TC_004_SearchProductTest" name="verify_pruductSearch" time="0.581"/>
</testsuite> <!-- testCases.TC_004_SearchProductTest -->
