<?xml version="1.0" encoding="UTF-8"?>
<!-- Generated by org.testng.reporters.JUnitReportReporter -->
<testsuite hostname="LAPTOP-HEOSD9H3" failures="0" tests="1" name="testCases.TC_005_AddToCartPageTest" time="1.373" errors="0" timestamp="2025-06-29T19:21:25 IST" skipped="0">
  <testcase classname="testCases.TC_005_AddToCartPageTest" name="verify_addToCart" time="1.373"/>
</testsuite> <!-- testCases.TC_005_AddToCartPageTest -->
