<?xml version="1.0" encoding="UTF-8"?>
<!-- Generated by org.testng.reporters.JUnitReportReporter -->
<testsuite hostname="LAPTOP-HEOSD9H3" failures="0" tests="1" name="testCases.TC002_LoginTest" time="1.764" errors="0" timestamp="2025-06-29T18:34:37 IST" skipped="0">
  <testcase classname="testCases.TC002_LoginTest" name="verify_login" time="1.764"/>
</testsuite> <!-- testCases.TC002_LoginTest -->
