<?xml version="1.0" encoding="UTF-8"?>
<!-- Generated by org.testng.reporters.JUnitReportReporter -->
<testsuite hostname="LAPTOP-HEOSD9H3" failures="0" tests="1" name="testCases.TC001_AccountRegistrationTest" time="2.371" errors="0" timestamp="2025-06-29T19:21:25 IST" skipped="0">
  <testcase classname="testCases.TC001_AccountRegistrationTest" name="verify_account_registration" time="2.371"/>
</testsuite> <!-- testCases.TC001_AccountRegistrationTest -->
