<?xml version="1.0" encoding="UTF-8"?>
<!-- Generated by org.testng.reporters.JUnitReportReporter -->
<testsuite hostname="LAPTOP-HEOSD9H3" failures="0" tests="1" name="testCases.TC001_AccountRegistrationTest" time="2.830" errors="0" timestamp="2025-06-12T15:00:48 IST" skipped="0">
  <testcase classname="testCases.TC001_AccountRegistrationTest" name="verify_account_registration" time="2.830"/>
</testsuite> <!-- testCases.TC001_AccountRegistrationTest -->
