<?xml version="1.0" encoding="UTF-8"?>
<!-- Generated by org.testng.reporters.JUnitReportReporter -->
<testsuite hostname="LAPTOP-HEOSD9H3" failures="0" tests="1" name="testCases.TC_004_SearchProductTest" time="0.486" errors="0" timestamp="2025-06-29T19:21:25 IST" skipped="0">
  <testcase classname="testCases.TC_004_SearchProductTest" name="verify_pruductSearch" time="0.486"/>
</testsuite> <!-- testCases.TC_004_SearchProductTest -->
